android/app/build/outputs/mapping/debug/mapping.txt
# compiler: R8
# compiler_version: 1.5.64
# min_api: 21
# pg_map_id: ca98907
...
androidx.viewpager2.adapter.StatefulAdapter -> androidx.viewpager2.adapter.c:
androidx.work.ArrayCreatingInputMerger -> androidx.work.ArrayCreatingInputMerger:
    50:50:void <init>() -> <init>
    54:103:androidx.work.Data merge(java.util.List) -> a
    124:128:java.lang.Object concatenateArrayAndNonArray(java.lang.Object,java.lang.Object) -> a
    132:134:java.lang.Object createArrayFor(java.lang.Object) -> a
    107:113:java.lang.Object concatenateArrays(java.lang.Object,java.lang.Object) -> b
    117:120:java.lang.Object concatenateNonArrays(java.lang.Object,java.lang.Object) -> c
androidx.work.BackoffPolicy -> androidx.work.a:
    androidx.work.BackoffPolicy EXPONENTIAL -> b
    androidx.work.BackoffPolicy LINEAR -> c
    androidx.work.BackoffPolicy[] $VALUES -> d
    34:29:void <clinit>() -> <clinit>
    29:29:void <init>(java.lang.String,int) -> <init>
    29:29:androidx.work.BackoffPolicy valueOf(java.lang.String) -> valueOf
    29:29:androidx.work.BackoffPolicy[] values() -> values
androidx.work.Configuration -> androidx.work.b:
    java.lang.String mDefaultProcessName -> g
    androidx.work.InitializationExceptionHandler mExceptionHandler -> f
    int mMaxJobSchedulerId -> j
    int mMaxSchedulerLimit -> k
    java.util.concurrent.Executor mExecutor -> a
    androidx.work.InputMergerFactory mInputMergerFactory -> d
    int mLoggingLevel -> h
    java.util.concurrent.Executor mTaskExecutor -> b
    int mMinJobSchedulerId -> i
    androidx.work.RunnableScheduler mRunnableScheduler -> e
    androidx.work.WorkerFactory mWorkerFactory -> c
    80:122:void <init>(androidx.work.Configuration$Builder) -> <init>
    216:216:java.lang.String getDefaultProcessName() -> a
    255:255:androidx.work.InitializationExceptionHandler getExceptionHandler() -> b
    130:130:java.util.concurrent.Executor getExecutor() -> c
    159:159:androidx.work.InputMergerFactory getInputMergerFactory() -> d
    208:208:int getMaxJobSchedulerId() -> e
    231:234:int getMaxSchedulerLimit() -> f
    194:194:int getMinJobSchedulerId() -> g
    180:180:int getMinimumLoggingLevel() -> h
    168:168:androidx.work.RunnableScheduler getRunnableScheduler() -> i
    140:140:java.util.concurrent.Executor getTaskExecutor() -> j
    151:151:androidx.work.WorkerFactory getWorkerFactory() -> k
    259:259:java.util.concurrent.Executor createDefaultExecutor() -> l
androidx.work.Configuration$Builder -> androidx.work.b$a:
    java.lang.String mDefaultProcessName -> g
    androidx.work.InitializationExceptionHandler mExceptionHandler -> f
    int mMaxJobSchedulerId -> j
    int mMaxSchedulerLimit -> k
    java.util.concurrent.Executor mExecutor -> a
    int mLoggingLevel -> h
    androidx.work.InputMergerFactory mInputMergerFactory -> c
    int mMinJobSchedulerId -> i
    androidx.work.WorkerFactory mWorkerFactory -> b
    java.util.concurrent.Executor mTaskExecutor -> d
    androidx.work.RunnableScheduler mRunnableScheduler -> e
    285:290:void <init>() -> <init>
    492:492:androidx.work.Configuration build() -> a
androidx.work.Configuration$Provider -> androidx.work.b$b:
    androidx.work.Configuration getWorkManagerConfiguration() -> a